[0.012s] Invoking command in '/home/khangiguess/uav/simple-ROS2-framework/build/intro_interfaces': CMAKE_PREFIX_PATH=${CMAKE_PREFIX_PATH}:/home/khangiguess/uav/SwarmDrone/install/uavcons_bringup:/home/khangiguess/uav/SwarmDrone/install/uavcons_swarm_agent:/home/khangiguess/uav/SwarmDrone/install/uavcons_sim:/home/khangiguess/uav/SwarmDrone/install/uavcons_px4_bridge:/home/khangiguess/uav/SwarmDrone/install/uavcons_mission_planner:/home/khangiguess/uav/SwarmDrone/install/intro_task_py:/opt/ros/jazzy DEBUGINFOD_URLS=https://debuginfod.ubuntu.com /usr/bin/cmake /home/khangiguess/uav/simple-ROS2-framework/src/intro_interfaces -DAMENT_CMAKE_SYMLINK_INSTALL=1 -DCMAKE_INSTALL_PREFIX=/home/khangiguess/uav/simple-ROS2-framework/install/intro_interfaces
[0.160s] -- The C compiler identification is GNU 13.3.0
[0.160s] -- The CXX compiler identification is GNU 13.3.0
[0.161s] -- Detecting C compiler ABI info
[0.177s] -- Detecting C compiler ABI info - done
[0.183s] -- Check for working C compiler: /usr/bin/cc - skipped
[0.183s] -- Detecting C compile features
[0.183s] -- Detecting C compile features - done
[0.191s] -- Detecting CXX compiler ABI info
[0.264s] -- Detecting CXX compiler ABI info - done
[0.270s] -- Check for working CXX compiler: /usr/bin/c++ - skipped
[0.271s] -- Detecting CXX compile features
[0.271s] -- Detecting CXX compile features - done
[0.274s] -- Found ament_cmake: 2.5.6 (/opt/ros/jazzy/share/ament_cmake/cmake)
[0.402s] -- Found Python3: /usr/bin/python3 (found version "3.12.3") found components: Interpreter 
[0.467s] -- Override CMake install command with custom implementation using symlinks instead of copying resources
[0.515s] -- Found ament_lint_auto: 0.17.5 (/opt/ros/jazzy/share/ament_lint_auto/cmake)
[0.607s] -- Added test 'lint_cmake' to check CMake code style
[0.608s] -- Added test 'xmllint' to check XML markup files
[0.610s] -- Configuring done (0.6s)
[0.612s] -- Generating done (0.0s)
[0.613s] -- Build files have been written to: /home/khangiguess/uav/simple-ROS2-framework/build/intro_interfaces
[0.617s] Invoked command in '/home/khangiguess/uav/simple-ROS2-framework/build/intro_interfaces' returned '0': CMAKE_PREFIX_PATH=${CMAKE_PREFIX_PATH}:/home/khangiguess/uav/SwarmDrone/install/uavcons_bringup:/home/khangiguess/uav/SwarmDrone/install/uavcons_swarm_agent:/home/khangiguess/uav/SwarmDrone/install/uavcons_sim:/home/khangiguess/uav/SwarmDrone/install/uavcons_px4_bridge:/home/khangiguess/uav/SwarmDrone/install/uavcons_mission_planner:/home/khangiguess/uav/SwarmDrone/install/intro_task_py:/opt/ros/jazzy DEBUGINFOD_URLS=https://debuginfod.ubuntu.com /usr/bin/cmake /home/khangiguess/uav/simple-ROS2-framework/src/intro_interfaces -DAMENT_CMAKE_SYMLINK_INSTALL=1 -DCMAKE_INSTALL_PREFIX=/home/khangiguess/uav/simple-ROS2-framework/install/intro_interfaces
[0.618s] Invoking command in '/home/khangiguess/uav/simple-ROS2-framework/build/intro_interfaces': CMAKE_PREFIX_PATH=${CMAKE_PREFIX_PATH}:/home/khangiguess/uav/SwarmDrone/install/uavcons_bringup:/home/khangiguess/uav/SwarmDrone/install/uavcons_swarm_agent:/home/khangiguess/uav/SwarmDrone/install/uavcons_sim:/home/khangiguess/uav/SwarmDrone/install/uavcons_px4_bridge:/home/khangiguess/uav/SwarmDrone/install/uavcons_mission_planner:/home/khangiguess/uav/SwarmDrone/install/intro_task_py:/opt/ros/jazzy DEBUGINFOD_URLS=https://debuginfod.ubuntu.com /usr/bin/cmake --build /home/khangiguess/uav/simple-ROS2-framework/build/intro_interfaces -- -j12 -l12
[0.646s] Invoked command in '/home/khangiguess/uav/simple-ROS2-framework/build/intro_interfaces' returned '0': CMAKE_PREFIX_PATH=${CMAKE_PREFIX_PATH}:/home/khangiguess/uav/SwarmDrone/install/uavcons_bringup:/home/khangiguess/uav/SwarmDrone/install/uavcons_swarm_agent:/home/khangiguess/uav/SwarmDrone/install/uavcons_sim:/home/khangiguess/uav/SwarmDrone/install/uavcons_px4_bridge:/home/khangiguess/uav/SwarmDrone/install/uavcons_mission_planner:/home/khangiguess/uav/SwarmDrone/install/intro_task_py:/opt/ros/jazzy DEBUGINFOD_URLS=https://debuginfod.ubuntu.com /usr/bin/cmake --build /home/khangiguess/uav/simple-ROS2-framework/build/intro_interfaces -- -j12 -l12
[0.656s] Invoking command in '/home/khangiguess/uav/simple-ROS2-framework/build/intro_interfaces': CMAKE_PREFIX_PATH=${CMAKE_PREFIX_PATH}:/home/khangiguess/uav/SwarmDrone/install/uavcons_bringup:/home/khangiguess/uav/SwarmDrone/install/uavcons_swarm_agent:/home/khangiguess/uav/SwarmDrone/install/uavcons_sim:/home/khangiguess/uav/SwarmDrone/install/uavcons_px4_bridge:/home/khangiguess/uav/SwarmDrone/install/uavcons_mission_planner:/home/khangiguess/uav/SwarmDrone/install/intro_task_py:/opt/ros/jazzy DEBUGINFOD_URLS=https://debuginfod.ubuntu.com /usr/bin/cmake --install /home/khangiguess/uav/simple-ROS2-framework/build/intro_interfaces
[0.664s] -- Install configuration: ""
[0.664s] -- Execute custom install script
[0.664s] -- Symlinking: /home/khangiguess/uav/simple-ROS2-framework/install/intro_interfaces/share/ament_index/resource_index/package_run_dependencies/intro_interfaces
[0.672s] -- Symlinking: /home/khangiguess/uav/simple-ROS2-framework/install/intro_interfaces/share/ament_index/resource_index/parent_prefix_path/intro_interfaces
[0.679s] -- Symlinking: /home/khangiguess/uav/simple-ROS2-framework/install/intro_interfaces/share/intro_interfaces/environment/ament_prefix_path.sh
[0.689s] -- Symlinking: /home/khangiguess/uav/simple-ROS2-framework/install/intro_interfaces/share/intro_interfaces/environment/ament_prefix_path.dsv
[0.695s] -- Symlinking: /home/khangiguess/uav/simple-ROS2-framework/install/intro_interfaces/share/intro_interfaces/environment/path.sh
[0.704s] -- Symlinking: /home/khangiguess/uav/simple-ROS2-framework/install/intro_interfaces/share/intro_interfaces/environment/path.dsv
[0.712s] -- Symlinking: /home/khangiguess/uav/simple-ROS2-framework/install/intro_interfaces/share/intro_interfaces/local_setup.bash
[0.719s] -- Symlinking: /home/khangiguess/uav/simple-ROS2-framework/install/intro_interfaces/share/intro_interfaces/local_setup.sh
[0.728s] -- Symlinking: /home/khangiguess/uav/simple-ROS2-framework/install/intro_interfaces/share/intro_interfaces/local_setup.zsh
[0.737s] -- Symlinking: /home/khangiguess/uav/simple-ROS2-framework/install/intro_interfaces/share/intro_interfaces/local_setup.dsv
[0.746s] -- Symlinking: /home/khangiguess/uav/simple-ROS2-framework/install/intro_interfaces/share/intro_interfaces/package.dsv
[0.754s] -- Symlinking: /home/khangiguess/uav/simple-ROS2-framework/install/intro_interfaces/share/ament_index/resource_index/packages/intro_interfaces
[0.760s] -- Symlinking: /home/khangiguess/uav/simple-ROS2-framework/install/intro_interfaces/share/intro_interfaces/cmake/intro_interfacesConfig.cmake
[0.766s] -- Symlinking: /home/khangiguess/uav/simple-ROS2-framework/install/intro_interfaces/share/intro_interfaces/cmake/intro_interfacesConfig-version.cmake
[0.772s] -- Symlinking: /home/khangiguess/uav/simple-ROS2-framework/install/intro_interfaces/share/intro_interfaces/package.xml
[0.781s] Invoked command in '/home/khangiguess/uav/simple-ROS2-framework/build/intro_interfaces' returned '0': CMAKE_PREFIX_PATH=${CMAKE_PREFIX_PATH}:/home/khangiguess/uav/SwarmDrone/install/uavcons_bringup:/home/khangiguess/uav/SwarmDrone/install/uavcons_swarm_agent:/home/khangiguess/uav/SwarmDrone/install/uavcons_sim:/home/khangiguess/uav/SwarmDrone/install/uavcons_px4_bridge:/home/khangiguess/uav/SwarmDrone/install/uavcons_mission_planner:/home/khangiguess/uav/SwarmDrone/install/intro_task_py:/opt/ros/jazzy DEBUGINFOD_URLS=https://debuginfod.ubuntu.com /usr/bin/cmake --install /home/khangiguess/uav/simple-ROS2-framework/build/intro_interfaces
