[0.074s] DEBUG:colcon:Command line arguments: ['/usr/bin/colcon', 'build', '--symlink-install']
[0.075s] DEBUG:colcon:Parsed command line arguments: Namespace(log_base=None, log_level=None, verb_name='build', build_base='build', install_base='install', merge_install=False, symlink_install=True, test_result_base=None, continue_on_error=False, executor='parallel', parallel_workers=12, event_handlers=None, ignore_user_meta=False, metas=['./colcon.meta'], base_paths=['.'], packages_ignore=None, packages_ignore_regex=None, paths=None, packages_up_to=None, packages_up_to_regex=None, packages_above=None, packages_above_and_dependencies=None, packages_above_depth=None, packages_select_by_dep=None, packages_skip_by_dep=None, packages_skip_up_to=None, packages_select_build_failed=False, packages_skip_build_finished=False, packages_select_test_failures=False, packages_skip_test_passed=False, packages_select=None, packages_skip=None, packages_select_regex=None, packages_skip_regex=None, packages_start=None, packages_end=None, cmake_args=None, cmake_target=None, cmake_target_skip_unavailable=False, cmake_clean_cache=False, cmake_clean_first=False, cmake_force_configure=False, ament_cmake_args=None, catkin_cmake_args=None, catkin_skip_building_tests=False, verb_parser=<colcon_defaults.argument_parser.defaults.DefaultArgumentsDecorator object at 0x78f09574c770>, verb_extension=<colcon_core.verb.build.BuildVerb object at 0x78f09572fb60>, main=<bound method BuildVerb.main of <colcon_core.verb.build.BuildVerb object at 0x78f09572fb60>>)
[0.098s] Level 1:colcon.colcon_core.package_discovery:discover_packages(colcon_meta) check parameters
[0.099s] Level 1:colcon.colcon_core.package_discovery:discover_packages(recursive) check parameters
[0.099s] Level 1:colcon.colcon_core.package_discovery:discover_packages(ignore) check parameters
[0.099s] Level 1:colcon.colcon_core.package_discovery:discover_packages(path) check parameters
[0.099s] Level 1:colcon.colcon_core.package_discovery:discover_packages(colcon_meta) discover
[0.099s] Level 1:colcon.colcon_core.package_discovery:discover_packages(recursive) discover
[0.099s] INFO:colcon.colcon_core.package_discovery:Crawling recursively for packages in '/home/khangiguess/uav/simple-ROS2-framework'
[0.099s] Level 1:colcon.colcon_core.package_identification:_identify(.) by extensions ['ignore', 'ignore_ament_install']
[0.099s] Level 1:colcon.colcon_core.package_identification:_identify(.) by extension 'ignore'
[0.099s] Level 1:colcon.colcon_core.package_identification:_identify(.) by extension 'ignore_ament_install'
[0.099s] Level 1:colcon.colcon_core.package_identification:_identify(.) by extensions ['colcon_pkg']
[0.099s] Level 1:colcon.colcon_core.package_identification:_identify(.) by extension 'colcon_pkg'
[0.099s] Level 1:colcon.colcon_core.package_identification:_identify(.) by extensions ['colcon_meta']
[0.099s] Level 1:colcon.colcon_core.package_identification:_identify(.) by extension 'colcon_meta'
[0.099s] Level 1:colcon.colcon_core.package_identification:_identify(.) by extensions ['ros']
[0.099s] Level 1:colcon.colcon_core.package_identification:_identify(.) by extension 'ros'
[0.115s] Level 1:colcon.colcon_core.package_identification:_identify(.) by extensions ['cmake', 'python']
[0.115s] Level 1:colcon.colcon_core.package_identification:_identify(.) by extension 'cmake'
[0.115s] Level 1:colcon.colcon_core.package_identification:_identify(.) by extension 'python'
[0.115s] Level 1:colcon.colcon_core.package_identification:_identify(.) by extensions ['python_setup_py']
[0.115s] Level 1:colcon.colcon_core.package_identification:_identify(.) by extension 'python_setup_py'
[0.115s] Level 1:colcon.colcon_core.package_identification:_identify(build) by extensions ['ignore', 'ignore_ament_install']
[0.115s] Level 1:colcon.colcon_core.package_identification:_identify(build) by extension 'ignore'
[0.115s] Level 1:colcon.colcon_core.package_identification:_identify(build) ignored
[0.115s] Level 1:colcon.colcon_core.package_identification:_identify(install) by extensions ['ignore', 'ignore_ament_install']
[0.115s] Level 1:colcon.colcon_core.package_identification:_identify(install) by extension 'ignore'
[0.115s] Level 1:colcon.colcon_core.package_identification:_identify(install) ignored
[0.115s] Level 1:colcon.colcon_core.package_identification:_identify(log) by extensions ['ignore', 'ignore_ament_install']
[0.115s] Level 1:colcon.colcon_core.package_identification:_identify(log) by extension 'ignore'
[0.115s] Level 1:colcon.colcon_core.package_identification:_identify(log) ignored
[0.115s] Level 1:colcon.colcon_core.package_identification:_identify(src) by extensions ['ignore', 'ignore_ament_install']
[0.115s] Level 1:colcon.colcon_core.package_identification:_identify(src) by extension 'ignore'
[0.115s] Level 1:colcon.colcon_core.package_identification:_identify(src) by extension 'ignore_ament_install'
[0.115s] Level 1:colcon.colcon_core.package_identification:_identify(src) by extensions ['colcon_pkg']
[0.115s] Level 1:colcon.colcon_core.package_identification:_identify(src) by extension 'colcon_pkg'
[0.115s] Level 1:colcon.colcon_core.package_identification:_identify(src) by extensions ['colcon_meta']
[0.115s] Level 1:colcon.colcon_core.package_identification:_identify(src) by extension 'colcon_meta'
[0.115s] Level 1:colcon.colcon_core.package_identification:_identify(src) by extensions ['ros']
[0.115s] Level 1:colcon.colcon_core.package_identification:_identify(src) by extension 'ros'
[0.115s] Level 1:colcon.colcon_core.package_identification:_identify(src) by extensions ['cmake', 'python']
[0.115s] Level 1:colcon.colcon_core.package_identification:_identify(src) by extension 'cmake'
[0.115s] Level 1:colcon.colcon_core.package_identification:_identify(src) by extension 'python'
[0.115s] Level 1:colcon.colcon_core.package_identification:_identify(src) by extensions ['python_setup_py']
[0.115s] Level 1:colcon.colcon_core.package_identification:_identify(src) by extension 'python_setup_py'
[0.115s] Level 1:colcon.colcon_core.package_identification:_identify(src/intro_bringup) by extensions ['ignore', 'ignore_ament_install']
[0.115s] Level 1:colcon.colcon_core.package_identification:_identify(src/intro_bringup) by extension 'ignore'
[0.116s] Level 1:colcon.colcon_core.package_identification:_identify(src/intro_bringup) by extension 'ignore_ament_install'
[0.116s] Level 1:colcon.colcon_core.package_identification:_identify(src/intro_bringup) by extensions ['colcon_pkg']
[0.116s] Level 1:colcon.colcon_core.package_identification:_identify(src/intro_bringup) by extension 'colcon_pkg'
[0.116s] Level 1:colcon.colcon_core.package_identification:_identify(src/intro_bringup) by extensions ['colcon_meta']
[0.116s] Level 1:colcon.colcon_core.package_identification:_identify(src/intro_bringup) by extension 'colcon_meta'
[0.116s] Level 1:colcon.colcon_core.package_identification:_identify(src/intro_bringup) by extensions ['ros']
[0.116s] Level 1:colcon.colcon_core.package_identification:_identify(src/intro_bringup) by extension 'ros'
[0.117s] DEBUG:colcon.colcon_core.package_identification:Package 'src/intro_bringup' with type 'ros.ament_python' and name 'intro_bringup'
[0.117s] Level 1:colcon.colcon_core.package_identification:_identify(src/intro_interfaces) by extensions ['ignore', 'ignore_ament_install']
[0.118s] Level 1:colcon.colcon_core.package_identification:_identify(src/intro_interfaces) by extension 'ignore'
[0.118s] Level 1:colcon.colcon_core.package_identification:_identify(src/intro_interfaces) by extension 'ignore_ament_install'
[0.118s] Level 1:colcon.colcon_core.package_identification:_identify(src/intro_interfaces) by extensions ['colcon_pkg']
[0.118s] Level 1:colcon.colcon_core.package_identification:_identify(src/intro_interfaces) by extension 'colcon_pkg'
[0.118s] Level 1:colcon.colcon_core.package_identification:_identify(src/intro_interfaces) by extensions ['colcon_meta']
[0.118s] Level 1:colcon.colcon_core.package_identification:_identify(src/intro_interfaces) by extension 'colcon_meta'
[0.118s] Level 1:colcon.colcon_core.package_identification:_identify(src/intro_interfaces) by extensions ['ros']
[0.118s] Level 1:colcon.colcon_core.package_identification:_identify(src/intro_interfaces) by extension 'ros'
[0.118s] DEBUG:colcon.colcon_core.package_identification:Package 'src/intro_interfaces' with type 'ros.ament_cmake' and name 'intro_interfaces'
[0.118s] Level 1:colcon.colcon_core.package_identification:_identify(src/intro_mission_planner) by extensions ['ignore', 'ignore_ament_install']
[0.118s] Level 1:colcon.colcon_core.package_identification:_identify(src/intro_mission_planner) by extension 'ignore'
[0.118s] Level 1:colcon.colcon_core.package_identification:_identify(src/intro_mission_planner) by extension 'ignore_ament_install'
[0.118s] Level 1:colcon.colcon_core.package_identification:_identify(src/intro_mission_planner) by extensions ['colcon_pkg']
[0.118s] Level 1:colcon.colcon_core.package_identification:_identify(src/intro_mission_planner) by extension 'colcon_pkg'
[0.118s] Level 1:colcon.colcon_core.package_identification:_identify(src/intro_mission_planner) by extensions ['colcon_meta']
[0.118s] Level 1:colcon.colcon_core.package_identification:_identify(src/intro_mission_planner) by extension 'colcon_meta'
[0.118s] Level 1:colcon.colcon_core.package_identification:_identify(src/intro_mission_planner) by extensions ['ros']
[0.118s] Level 1:colcon.colcon_core.package_identification:_identify(src/intro_mission_planner) by extension 'ros'
[0.119s] DEBUG:colcon.colcon_core.package_identification:Package 'src/intro_mission_planner' with type 'ros.ament_python' and name 'intro_mission_planner'
[0.119s] Level 1:colcon.colcon_core.package_identification:_identify(src/intro_teleop_commander) by extensions ['ignore', 'ignore_ament_install']
[0.119s] Level 1:colcon.colcon_core.package_identification:_identify(src/intro_teleop_commander) by extension 'ignore'
[0.119s] Level 1:colcon.colcon_core.package_identification:_identify(src/intro_teleop_commander) by extension 'ignore_ament_install'
[0.119s] Level 1:colcon.colcon_core.package_identification:_identify(src/intro_teleop_commander) by extensions ['colcon_pkg']
[0.119s] Level 1:colcon.colcon_core.package_identification:_identify(src/intro_teleop_commander) by extension 'colcon_pkg'
[0.119s] Level 1:colcon.colcon_core.package_identification:_identify(src/intro_teleop_commander) by extensions ['colcon_meta']
[0.119s] Level 1:colcon.colcon_core.package_identification:_identify(src/intro_teleop_commander) by extension 'colcon_meta'
[0.119s] Level 1:colcon.colcon_core.package_identification:_identify(src/intro_teleop_commander) by extensions ['ros']
[0.119s] Level 1:colcon.colcon_core.package_identification:_identify(src/intro_teleop_commander) by extension 'ros'
[0.119s] DEBUG:colcon.colcon_core.package_identification:Package 'src/intro_teleop_commander' with type 'ros.ament_python' and name 'intro_teleop_commander'
[0.119s] Level 1:colcon.colcon_core.package_identification:_identify(src/intro_turtle_agent) by extensions ['ignore', 'ignore_ament_install']
[0.119s] Level 1:colcon.colcon_core.package_identification:_identify(src/intro_turtle_agent) by extension 'ignore'
[0.119s] Level 1:colcon.colcon_core.package_identification:_identify(src/intro_turtle_agent) by extension 'ignore_ament_install'
[0.119s] Level 1:colcon.colcon_core.package_identification:_identify(src/intro_turtle_agent) by extensions ['colcon_pkg']
[0.119s] Level 1:colcon.colcon_core.package_identification:_identify(src/intro_turtle_agent) by extension 'colcon_pkg'
[0.119s] Level 1:colcon.colcon_core.package_identification:_identify(src/intro_turtle_agent) by extensions ['colcon_meta']
[0.119s] Level 1:colcon.colcon_core.package_identification:_identify(src/intro_turtle_agent) by extension 'colcon_meta'
[0.119s] Level 1:colcon.colcon_core.package_identification:_identify(src/intro_turtle_agent) by extensions ['ros']
[0.119s] Level 1:colcon.colcon_core.package_identification:_identify(src/intro_turtle_agent) by extension 'ros'
[0.120s] DEBUG:colcon.colcon_core.package_identification:Package 'src/intro_turtle_agent' with type 'ros.ament_python' and name 'intro_turtle_agent'
[0.120s] Level 1:colcon.colcon_core.package_discovery:discover_packages(recursive) using defaults
[0.120s] Level 1:colcon.colcon_core.package_discovery:discover_packages(ignore) discover
[0.120s] Level 1:colcon.colcon_core.package_discovery:discover_packages(ignore) using defaults
[0.120s] Level 1:colcon.colcon_core.package_discovery:discover_packages(path) discover
[0.120s] Level 1:colcon.colcon_core.package_discovery:discover_packages(path) using defaults
[0.131s] Level 5:colcon.colcon_core.verb:set package 'intro_bringup' build argument 'cmake_args' from command line to 'None'
[0.131s] Level 5:colcon.colcon_core.verb:set package 'intro_bringup' build argument 'cmake_target' from command line to 'None'
[0.131s] Level 5:colcon.colcon_core.verb:set package 'intro_bringup' build argument 'cmake_target_skip_unavailable' from command line to 'False'
[0.131s] Level 5:colcon.colcon_core.verb:set package 'intro_bringup' build argument 'cmake_clean_cache' from command line to 'False'
[0.131s] Level 5:colcon.colcon_core.verb:set package 'intro_bringup' build argument 'cmake_clean_first' from command line to 'False'
[0.131s] Level 5:colcon.colcon_core.verb:set package 'intro_bringup' build argument 'cmake_force_configure' from command line to 'False'
[0.131s] Level 5:colcon.colcon_core.verb:set package 'intro_bringup' build argument 'ament_cmake_args' from command line to 'None'
[0.131s] Level 5:colcon.colcon_core.verb:set package 'intro_bringup' build argument 'catkin_cmake_args' from command line to 'None'
[0.131s] Level 5:colcon.colcon_core.verb:set package 'intro_bringup' build argument 'catkin_skip_building_tests' from command line to 'False'
[0.132s] DEBUG:colcon.colcon_core.verb:Building package 'intro_bringup' with the following arguments: {'ament_cmake_args': None, 'build_base': '/home/khangiguess/uav/simple-ROS2-framework/build/intro_bringup', 'catkin_cmake_args': None, 'catkin_skip_building_tests': False, 'cmake_args': None, 'cmake_clean_cache': False, 'cmake_clean_first': False, 'cmake_force_configure': False, 'cmake_target': None, 'cmake_target_skip_unavailable': False, 'install_base': '/home/khangiguess/uav/simple-ROS2-framework/install/intro_bringup', 'merge_install': False, 'path': '/home/khangiguess/uav/simple-ROS2-framework/src/intro_bringup', 'symlink_install': True, 'test_result_base': None}
[0.132s] Level 5:colcon.colcon_core.verb:set package 'intro_interfaces' build argument 'cmake_args' from command line to 'None'
[0.132s] Level 5:colcon.colcon_core.verb:set package 'intro_interfaces' build argument 'cmake_target' from command line to 'None'
[0.132s] Level 5:colcon.colcon_core.verb:set package 'intro_interfaces' build argument 'cmake_target_skip_unavailable' from command line to 'False'
[0.132s] Level 5:colcon.colcon_core.verb:set package 'intro_interfaces' build argument 'cmake_clean_cache' from command line to 'False'
[0.132s] Level 5:colcon.colcon_core.verb:set package 'intro_interfaces' build argument 'cmake_clean_first' from command line to 'False'
[0.132s] Level 5:colcon.colcon_core.verb:set package 'intro_interfaces' build argument 'cmake_force_configure' from command line to 'False'
[0.132s] Level 5:colcon.colcon_core.verb:set package 'intro_interfaces' build argument 'ament_cmake_args' from command line to 'None'
[0.132s] Level 5:colcon.colcon_core.verb:set package 'intro_interfaces' build argument 'catkin_cmake_args' from command line to 'None'
[0.132s] Level 5:colcon.colcon_core.verb:set package 'intro_interfaces' build argument 'catkin_skip_building_tests' from command line to 'False'
[0.132s] DEBUG:colcon.colcon_core.verb:Building package 'intro_interfaces' with the following arguments: {'ament_cmake_args': None, 'build_base': '/home/khangiguess/uav/simple-ROS2-framework/build/intro_interfaces', 'catkin_cmake_args': None, 'catkin_skip_building_tests': False, 'cmake_args': None, 'cmake_clean_cache': False, 'cmake_clean_first': False, 'cmake_force_configure': False, 'cmake_target': None, 'cmake_target_skip_unavailable': False, 'install_base': '/home/khangiguess/uav/simple-ROS2-framework/install/intro_interfaces', 'merge_install': False, 'path': '/home/khangiguess/uav/simple-ROS2-framework/src/intro_interfaces', 'symlink_install': True, 'test_result_base': None}
[0.132s] Level 5:colcon.colcon_core.verb:set package 'intro_teleop_commander' build argument 'cmake_args' from command line to 'None'
[0.132s] Level 5:colcon.colcon_core.verb:set package 'intro_teleop_commander' build argument 'cmake_target' from command line to 'None'
[0.132s] Level 5:colcon.colcon_core.verb:set package 'intro_teleop_commander' build argument 'cmake_target_skip_unavailable' from command line to 'False'
[0.132s] Level 5:colcon.colcon_core.verb:set package 'intro_teleop_commander' build argument 'cmake_clean_cache' from command line to 'False'
[0.132s] Level 5:colcon.colcon_core.verb:set package 'intro_teleop_commander' build argument 'cmake_clean_first' from command line to 'False'
[0.132s] Level 5:colcon.colcon_core.verb:set package 'intro_teleop_commander' build argument 'cmake_force_configure' from command line to 'False'
[0.132s] Level 5:colcon.colcon_core.verb:set package 'intro_teleop_commander' build argument 'ament_cmake_args' from command line to 'None'
[0.132s] Level 5:colcon.colcon_core.verb:set package 'intro_teleop_commander' build argument 'catkin_cmake_args' from command line to 'None'
[0.132s] Level 5:colcon.colcon_core.verb:set package 'intro_teleop_commander' build argument 'catkin_skip_building_tests' from command line to 'False'
[0.132s] DEBUG:colcon.colcon_core.verb:Building package 'intro_teleop_commander' with the following arguments: {'ament_cmake_args': None, 'build_base': '/home/khangiguess/uav/simple-ROS2-framework/build/intro_teleop_commander', 'catkin_cmake_args': None, 'catkin_skip_building_tests': False, 'cmake_args': None, 'cmake_clean_cache': False, 'cmake_clean_first': False, 'cmake_force_configure': False, 'cmake_target': None, 'cmake_target_skip_unavailable': False, 'install_base': '/home/khangiguess/uav/simple-ROS2-framework/install/intro_teleop_commander', 'merge_install': False, 'path': '/home/khangiguess/uav/simple-ROS2-framework/src/intro_teleop_commander', 'symlink_install': True, 'test_result_base': None}
[0.132s] Level 5:colcon.colcon_core.verb:set package 'intro_mission_planner' build argument 'cmake_args' from command line to 'None'
[0.132s] Level 5:colcon.colcon_core.verb:set package 'intro_mission_planner' build argument 'cmake_target' from command line to 'None'
[0.132s] Level 5:colcon.colcon_core.verb:set package 'intro_mission_planner' build argument 'cmake_target_skip_unavailable' from command line to 'False'
[0.132s] Level 5:colcon.colcon_core.verb:set package 'intro_mission_planner' build argument 'cmake_clean_cache' from command line to 'False'
[0.132s] Level 5:colcon.colcon_core.verb:set package 'intro_mission_planner' build argument 'cmake_clean_first' from command line to 'False'
[0.132s] Level 5:colcon.colcon_core.verb:set package 'intro_mission_planner' build argument 'cmake_force_configure' from command line to 'False'
[0.132s] Level 5:colcon.colcon_core.verb:set package 'intro_mission_planner' build argument 'ament_cmake_args' from command line to 'None'
[0.132s] Level 5:colcon.colcon_core.verb:set package 'intro_mission_planner' build argument 'catkin_cmake_args' from command line to 'None'
[0.132s] Level 5:colcon.colcon_core.verb:set package 'intro_mission_planner' build argument 'catkin_skip_building_tests' from command line to 'False'
[0.132s] DEBUG:colcon.colcon_core.verb:Building package 'intro_mission_planner' with the following arguments: {'ament_cmake_args': None, 'build_base': '/home/khangiguess/uav/simple-ROS2-framework/build/intro_mission_planner', 'catkin_cmake_args': None, 'catkin_skip_building_tests': False, 'cmake_args': None, 'cmake_clean_cache': False, 'cmake_clean_first': False, 'cmake_force_configure': False, 'cmake_target': None, 'cmake_target_skip_unavailable': False, 'install_base': '/home/khangiguess/uav/simple-ROS2-framework/install/intro_mission_planner', 'merge_install': False, 'path': '/home/khangiguess/uav/simple-ROS2-framework/src/intro_mission_planner', 'symlink_install': True, 'test_result_base': None}
[0.132s] Level 5:colcon.colcon_core.verb:set package 'intro_turtle_agent' build argument 'cmake_args' from command line to 'None'
[0.132s] Level 5:colcon.colcon_core.verb:set package 'intro_turtle_agent' build argument 'cmake_target' from command line to 'None'
[0.132s] Level 5:colcon.colcon_core.verb:set package 'intro_turtle_agent' build argument 'cmake_target_skip_unavailable' from command line to 'False'
[0.132s] Level 5:colcon.colcon_core.verb:set package 'intro_turtle_agent' build argument 'cmake_clean_cache' from command line to 'False'
[0.132s] Level 5:colcon.colcon_core.verb:set package 'intro_turtle_agent' build argument 'cmake_clean_first' from command line to 'False'
[0.132s] Level 5:colcon.colcon_core.verb:set package 'intro_turtle_agent' build argument 'cmake_force_configure' from command line to 'False'
[0.132s] Level 5:colcon.colcon_core.verb:set package 'intro_turtle_agent' build argument 'ament_cmake_args' from command line to 'None'
[0.132s] Level 5:colcon.colcon_core.verb:set package 'intro_turtle_agent' build argument 'catkin_cmake_args' from command line to 'None'
[0.132s] Level 5:colcon.colcon_core.verb:set package 'intro_turtle_agent' build argument 'catkin_skip_building_tests' from command line to 'False'
[0.132s] DEBUG:colcon.colcon_core.verb:Building package 'intro_turtle_agent' with the following arguments: {'ament_cmake_args': None, 'build_base': '/home/khangiguess/uav/simple-ROS2-framework/build/intro_turtle_agent', 'catkin_cmake_args': None, 'catkin_skip_building_tests': False, 'cmake_args': None, 'cmake_clean_cache': False, 'cmake_clean_first': False, 'cmake_force_configure': False, 'cmake_target': None, 'cmake_target_skip_unavailable': False, 'install_base': '/home/khangiguess/uav/simple-ROS2-framework/install/intro_turtle_agent', 'merge_install': False, 'path': '/home/khangiguess/uav/simple-ROS2-framework/src/intro_turtle_agent', 'symlink_install': True, 'test_result_base': None}
[0.133s] INFO:colcon.colcon_core.executor:Executing jobs using 'parallel' executor
[0.133s] DEBUG:colcon.colcon_parallel_executor.executor.parallel:run_until_complete
[0.133s] INFO:colcon.colcon_ros.task.ament_cmake.build:Building ROS package in '/home/khangiguess/uav/simple-ROS2-framework/src/intro_interfaces' with build type 'ament_cmake'
[0.133s] INFO:colcon.colcon_cmake.task.cmake.build:Building CMake package in '/home/khangiguess/uav/simple-ROS2-framework/src/intro_interfaces'
[0.135s] INFO:colcon.colcon_core.plugin_system:Skipping extension 'colcon_core.shell.bat': Not used on non-Windows systems
[0.135s] DEBUG:colcon.colcon_core.shell:Skip shell extension 'dsv' for command environment
[0.138s] INFO:colcon.colcon_ros.task.ament_python.build:Building ROS package in '/home/khangiguess/uav/simple-ROS2-framework/src/intro_bringup' with build type 'ament_python'
[0.138s] Level 1:colcon.colcon_core.shell:create_environment_hook('intro_bringup', 'ament_prefix_path')
[0.138s] INFO:colcon.colcon_core.shell:Creating environment descriptor '/home/khangiguess/uav/simple-ROS2-framework/install/intro_bringup/share/intro_bringup/hook/ament_prefix_path.dsv'
[0.139s] INFO:colcon.colcon_core.shell:Creating environment hook '/home/khangiguess/uav/simple-ROS2-framework/install/intro_bringup/share/intro_bringup/hook/ament_prefix_path.sh'
[0.139s] DEBUG:colcon.colcon_core.shell:Skip shell extension 'dsv' for command environment
[0.141s] INFO:colcon.colcon_ros.task.ament_python.build:Building ROS package in '/home/khangiguess/uav/simple-ROS2-framework/src/intro_teleop_commander' with build type 'ament_python'
[0.141s] Level 1:colcon.colcon_core.shell:create_environment_hook('intro_teleop_commander', 'ament_prefix_path')
[0.141s] INFO:colcon.colcon_core.shell:Creating environment descriptor '/home/khangiguess/uav/simple-ROS2-framework/install/intro_teleop_commander/share/intro_teleop_commander/hook/ament_prefix_path.dsv'
[0.142s] INFO:colcon.colcon_core.shell:Creating environment hook '/home/khangiguess/uav/simple-ROS2-framework/install/intro_teleop_commander/share/intro_teleop_commander/hook/ament_prefix_path.sh'
[0.142s] DEBUG:colcon.colcon_core.shell:Skip shell extension 'dsv' for command environment
[0.146s] DEBUG:colcon.colcon_core.event_handler.log_command:Invoking command in '/home/khangiguess/uav/simple-ROS2-framework/build/intro_interfaces': CMAKE_PREFIX_PATH=${CMAKE_PREFIX_PATH}:/home/khangiguess/uav/SwarmDrone/install/uavcons_bringup:/home/khangiguess/uav/SwarmDrone/install/uavcons_swarm_agent:/home/khangiguess/uav/SwarmDrone/install/uavcons_sim:/home/khangiguess/uav/SwarmDrone/install/uavcons_px4_bridge:/home/khangiguess/uav/SwarmDrone/install/uavcons_mission_planner:/home/khangiguess/uav/SwarmDrone/install/intro_task_py:/opt/ros/jazzy DEBUGINFOD_URLS=https://debuginfod.ubuntu.com /usr/bin/cmake /home/khangiguess/uav/simple-ROS2-framework/src/intro_interfaces -DAMENT_CMAKE_SYMLINK_INSTALL=1 -DCMAKE_INSTALL_PREFIX=/home/khangiguess/uav/simple-ROS2-framework/install/intro_interfaces
[0.291s] INFO:colcon.colcon_core.task.python.build:Building Python package in '/home/khangiguess/uav/simple-ROS2-framework/src/intro_bringup'
[0.291s] DEBUG:colcon.colcon_core.shell:Skip shell extension 'dsv' for command environment
[0.437s] INFO:colcon.colcon_core.task.python.build:Building Python package in '/home/khangiguess/uav/simple-ROS2-framework/src/intro_teleop_commander'
[0.438s] DEBUG:colcon.colcon_core.shell:Skip shell extension 'dsv' for command environment
[0.751s] DEBUG:colcon.colcon_core.event_handler.log_command:Invoked command in '/home/khangiguess/uav/simple-ROS2-framework/build/intro_interfaces' returned '0': CMAKE_PREFIX_PATH=${CMAKE_PREFIX_PATH}:/home/khangiguess/uav/SwarmDrone/install/uavcons_bringup:/home/khangiguess/uav/SwarmDrone/install/uavcons_swarm_agent:/home/khangiguess/uav/SwarmDrone/install/uavcons_sim:/home/khangiguess/uav/SwarmDrone/install/uavcons_px4_bridge:/home/khangiguess/uav/SwarmDrone/install/uavcons_mission_planner:/home/khangiguess/uav/SwarmDrone/install/intro_task_py:/opt/ros/jazzy DEBUGINFOD_URLS=https://debuginfod.ubuntu.com /usr/bin/cmake /home/khangiguess/uav/simple-ROS2-framework/src/intro_interfaces -DAMENT_CMAKE_SYMLINK_INSTALL=1 -DCMAKE_INSTALL_PREFIX=/home/khangiguess/uav/simple-ROS2-framework/install/intro_interfaces
[0.751s] DEBUG:colcon.colcon_core.event_handler.log_command:Invoking command in '/home/khangiguess/uav/simple-ROS2-framework/build/intro_interfaces': CMAKE_PREFIX_PATH=${CMAKE_PREFIX_PATH}:/home/khangiguess/uav/SwarmDrone/install/uavcons_bringup:/home/khangiguess/uav/SwarmDrone/install/uavcons_swarm_agent:/home/khangiguess/uav/SwarmDrone/install/uavcons_sim:/home/khangiguess/uav/SwarmDrone/install/uavcons_px4_bridge:/home/khangiguess/uav/SwarmDrone/install/uavcons_mission_planner:/home/khangiguess/uav/SwarmDrone/install/intro_task_py:/opt/ros/jazzy DEBUGINFOD_URLS=https://debuginfod.ubuntu.com /usr/bin/cmake --build /home/khangiguess/uav/simple-ROS2-framework/build/intro_interfaces -- -j12 -l12
[0.780s] DEBUG:colcon.colcon_core.event_handler.log_command:Invoked command in '/home/khangiguess/uav/simple-ROS2-framework/build/intro_interfaces' returned '0': CMAKE_PREFIX_PATH=${CMAKE_PREFIX_PATH}:/home/khangiguess/uav/SwarmDrone/install/uavcons_bringup:/home/khangiguess/uav/SwarmDrone/install/uavcons_swarm_agent:/home/khangiguess/uav/SwarmDrone/install/uavcons_sim:/home/khangiguess/uav/SwarmDrone/install/uavcons_px4_bridge:/home/khangiguess/uav/SwarmDrone/install/uavcons_mission_planner:/home/khangiguess/uav/SwarmDrone/install/intro_task_py:/opt/ros/jazzy DEBUGINFOD_URLS=https://debuginfod.ubuntu.com /usr/bin/cmake --build /home/khangiguess/uav/simple-ROS2-framework/build/intro_interfaces -- -j12 -l12
[0.789s] DEBUG:colcon.colcon_core.event_handler.log_command:Invoking command in '/home/khangiguess/uav/simple-ROS2-framework/build/intro_interfaces': CMAKE_PREFIX_PATH=${CMAKE_PREFIX_PATH}:/home/khangiguess/uav/SwarmDrone/install/uavcons_bringup:/home/khangiguess/uav/SwarmDrone/install/uavcons_swarm_agent:/home/khangiguess/uav/SwarmDrone/install/uavcons_sim:/home/khangiguess/uav/SwarmDrone/install/uavcons_px4_bridge:/home/khangiguess/uav/SwarmDrone/install/uavcons_mission_planner:/home/khangiguess/uav/SwarmDrone/install/intro_task_py:/opt/ros/jazzy DEBUGINFOD_URLS=https://debuginfod.ubuntu.com /usr/bin/cmake --install /home/khangiguess/uav/simple-ROS2-framework/build/intro_interfaces
[0.812s] DEBUG:colcon.colcon_core.event_handler.log_command:Invoking command in '/home/khangiguess/uav/simple-ROS2-framework/build/intro_bringup': DEBUGINFOD_URLS=https://debuginfod.ubuntu.com PYTHONPATH=/home/khangiguess/uav/simple-ROS2-framework/build/intro_bringup/prefix_override:/usr/lib/python3/dist-packages/colcon_core/task/python/colcon_distutils_commands:/home/khangiguess/uav/simple-ROS2-framework/install/intro_bringup/lib/python3.12/site-packages:${PYTHONPATH} /usr/bin/python3 -W ignore:setup.py install is deprecated -W ignore:easy_install command is deprecated setup.py develop --editable --build-directory /home/khangiguess/uav/simple-ROS2-framework/build/intro_bringup/build --no-deps symlink_data
[0.832s] DEBUG:colcon.colcon_core.event_handler.log_command:Invoking command in '/home/khangiguess/uav/simple-ROS2-framework/build/intro_teleop_commander': DEBUGINFOD_URLS=https://debuginfod.ubuntu.com PYTHONPATH=/home/khangiguess/uav/simple-ROS2-framework/build/intro_teleop_commander/prefix_override:/usr/lib/python3/dist-packages/colcon_core/task/python/colcon_distutils_commands:/home/khangiguess/uav/simple-ROS2-framework/install/intro_teleop_commander/lib/python3.12/site-packages:${PYTHONPATH} /usr/bin/python3 -W ignore:setup.py install is deprecated -W ignore:easy_install command is deprecated setup.py develop --editable --build-directory /home/khangiguess/uav/simple-ROS2-framework/build/intro_teleop_commander/build --no-deps symlink_data
[0.914s] Level 1:colcon.colcon_core.environment:create_environment_scripts_only(intro_interfaces)
[0.914s] DEBUG:colcon.colcon_core.event_handler.log_command:Invoked command in '/home/khangiguess/uav/simple-ROS2-framework/build/intro_interfaces' returned '0': CMAKE_PREFIX_PATH=${CMAKE_PREFIX_PATH}:/home/khangiguess/uav/SwarmDrone/install/uavcons_bringup:/home/khangiguess/uav/SwarmDrone/install/uavcons_swarm_agent:/home/khangiguess/uav/SwarmDrone/install/uavcons_sim:/home/khangiguess/uav/SwarmDrone/install/uavcons_px4_bridge:/home/khangiguess/uav/SwarmDrone/install/uavcons_mission_planner:/home/khangiguess/uav/SwarmDrone/install/intro_task_py:/opt/ros/jazzy DEBUGINFOD_URLS=https://debuginfod.ubuntu.com /usr/bin/cmake --install /home/khangiguess/uav/simple-ROS2-framework/build/intro_interfaces
[0.915s] Level 1:colcon.colcon_core.environment:checking '/home/khangiguess/uav/simple-ROS2-framework/install/intro_interfaces' for CMake module files
[0.916s] Level 1:colcon.colcon_core.environment:checking '/home/khangiguess/uav/simple-ROS2-framework/install/intro_interfaces' for CMake config files
[0.916s] Level 1:colcon.colcon_core.shell:create_environment_hook('intro_interfaces', 'cmake_prefix_path')
[0.916s] INFO:colcon.colcon_core.shell:Creating environment descriptor '/home/khangiguess/uav/simple-ROS2-framework/install/intro_interfaces/share/intro_interfaces/hook/cmake_prefix_path.dsv'
[0.916s] INFO:colcon.colcon_core.shell:Creating environment hook '/home/khangiguess/uav/simple-ROS2-framework/install/intro_interfaces/share/intro_interfaces/hook/cmake_prefix_path.sh'
[0.917s] Level 1:colcon.colcon_core.environment:checking '/home/khangiguess/uav/simple-ROS2-framework/install/intro_interfaces/bin'
[0.917s] Level 1:colcon.colcon_core.environment:checking '/home/khangiguess/uav/simple-ROS2-framework/install/intro_interfaces/lib/pkgconfig/intro_interfaces.pc'
[0.917s] Level 1:colcon.colcon_core.environment:checking '/home/khangiguess/uav/simple-ROS2-framework/install/intro_interfaces/lib/python3.12/site-packages'
[0.917s] Level 1:colcon.colcon_core.environment:checking '/home/khangiguess/uav/simple-ROS2-framework/install/intro_interfaces/bin'
[0.917s] INFO:colcon.colcon_core.shell:Creating package descriptor '/home/khangiguess/uav/simple-ROS2-framework/install/intro_interfaces/share/intro_interfaces/package.dsv'
[0.917s] INFO:colcon.colcon_core.shell:Creating package script '/home/khangiguess/uav/simple-ROS2-framework/install/intro_interfaces/share/intro_interfaces/package.sh'
[0.918s] INFO:colcon.colcon_core.shell:Creating package script '/home/khangiguess/uav/simple-ROS2-framework/install/intro_interfaces/share/intro_interfaces/package.bash'
[0.918s] INFO:colcon.colcon_core.shell:Creating package script '/home/khangiguess/uav/simple-ROS2-framework/install/intro_interfaces/share/intro_interfaces/package.zsh'
[0.918s] Level 1:colcon.colcon_core.environment:create_file_with_runtime_dependencies(/home/khangiguess/uav/simple-ROS2-framework/install/intro_interfaces/share/colcon-core/packages/intro_interfaces)
[0.919s] Level 1:colcon.colcon_core.environment:create_environment_scripts_only(intro_interfaces)
[0.919s] Level 1:colcon.colcon_core.environment:checking '/home/khangiguess/uav/simple-ROS2-framework/install/intro_interfaces' for CMake module files
[0.919s] Level 1:colcon.colcon_core.environment:checking '/home/khangiguess/uav/simple-ROS2-framework/install/intro_interfaces' for CMake config files
[0.919s] Level 1:colcon.colcon_core.shell:create_environment_hook('intro_interfaces', 'cmake_prefix_path')
[0.919s] INFO:colcon.colcon_core.shell:Creating environment descriptor '/home/khangiguess/uav/simple-ROS2-framework/install/intro_interfaces/share/intro_interfaces/hook/cmake_prefix_path.dsv'
[0.920s] INFO:colcon.colcon_core.shell:Creating environment hook '/home/khangiguess/uav/simple-ROS2-framework/install/intro_interfaces/share/intro_interfaces/hook/cmake_prefix_path.sh'
[0.920s] Level 1:colcon.colcon_core.environment:checking '/home/khangiguess/uav/simple-ROS2-framework/install/intro_interfaces/bin'
[0.920s] Level 1:colcon.colcon_core.environment:checking '/home/khangiguess/uav/simple-ROS2-framework/install/intro_interfaces/lib/pkgconfig/intro_interfaces.pc'
[0.920s] Level 1:colcon.colcon_core.environment:checking '/home/khangiguess/uav/simple-ROS2-framework/install/intro_interfaces/lib/python3.12/site-packages'
[0.920s] Level 1:colcon.colcon_core.environment:checking '/home/khangiguess/uav/simple-ROS2-framework/install/intro_interfaces/bin'
[0.920s] INFO:colcon.colcon_core.shell:Creating package descriptor '/home/khangiguess/uav/simple-ROS2-framework/install/intro_interfaces/share/intro_interfaces/package.dsv'
[0.921s] INFO:colcon.colcon_core.shell:Creating package script '/home/khangiguess/uav/simple-ROS2-framework/install/intro_interfaces/share/intro_interfaces/package.sh'
[0.921s] INFO:colcon.colcon_core.shell:Creating package script '/home/khangiguess/uav/simple-ROS2-framework/install/intro_interfaces/share/intro_interfaces/package.bash'
[0.921s] INFO:colcon.colcon_core.shell:Creating package script '/home/khangiguess/uav/simple-ROS2-framework/install/intro_interfaces/share/intro_interfaces/package.zsh'
[0.921s] Level 1:colcon.colcon_core.environment:create_file_with_runtime_dependencies(/home/khangiguess/uav/simple-ROS2-framework/install/intro_interfaces/share/colcon-core/packages/intro_interfaces)
[0.921s] INFO:colcon.colcon_ros.task.ament_python.build:Building ROS package in '/home/khangiguess/uav/simple-ROS2-framework/src/intro_mission_planner' with build type 'ament_python'
[0.921s] Level 1:colcon.colcon_core.shell:create_environment_hook('intro_mission_planner', 'ament_prefix_path')
[0.922s] INFO:colcon.colcon_core.shell:Creating environment descriptor '/home/khangiguess/uav/simple-ROS2-framework/install/intro_mission_planner/share/intro_mission_planner/hook/ament_prefix_path.dsv'
[0.922s] INFO:colcon.colcon_core.shell:Creating environment hook '/home/khangiguess/uav/simple-ROS2-framework/install/intro_mission_planner/share/intro_mission_planner/hook/ament_prefix_path.sh'
[0.922s] DEBUG:colcon.colcon_core.shell:Skip shell extension 'dsv' for command environment
[0.925s] INFO:colcon.colcon_ros.task.ament_python.build:Building ROS package in '/home/khangiguess/uav/simple-ROS2-framework/src/intro_turtle_agent' with build type 'ament_python'
[0.925s] Level 1:colcon.colcon_core.shell:create_environment_hook('intro_turtle_agent', 'ament_prefix_path')
[0.925s] INFO:colcon.colcon_core.shell:Creating environment descriptor '/home/khangiguess/uav/simple-ROS2-framework/install/intro_turtle_agent/share/intro_turtle_agent/hook/ament_prefix_path.dsv'
[0.926s] INFO:colcon.colcon_core.shell:Creating environment hook '/home/khangiguess/uav/simple-ROS2-framework/install/intro_turtle_agent/share/intro_turtle_agent/hook/ament_prefix_path.sh'
[0.926s] DEBUG:colcon.colcon_core.shell:Skip shell extension 'dsv' for command environment
[1.079s] INFO:colcon.colcon_core.task.python.build:Building Python package in '/home/khangiguess/uav/simple-ROS2-framework/src/intro_mission_planner'
[1.079s] DEBUG:colcon.colcon_core.shell:Skip shell extension 'dsv' for command environment
[1.230s] INFO:colcon.colcon_core.task.python.build:Building Python package in '/home/khangiguess/uav/simple-ROS2-framework/src/intro_turtle_agent'
[1.230s] DEBUG:colcon.colcon_core.shell:Skip shell extension 'dsv' for command environment
[1.234s] Level 1:colcon.colcon_core.shell:create_environment_hook('intro_bringup', 'pythonpath_develop')
[1.234s] INFO:colcon.colcon_core.shell:Creating environment descriptor '/home/khangiguess/uav/simple-ROS2-framework/build/intro_bringup/share/intro_bringup/hook/pythonpath_develop.dsv'
[1.235s] DEBUG:colcon.colcon_core.event_handler.log_command:Invoked command in '/home/khangiguess/uav/simple-ROS2-framework/build/intro_bringup' returned '0': DEBUGINFOD_URLS=https://debuginfod.ubuntu.com PYTHONPATH=/home/khangiguess/uav/simple-ROS2-framework/build/intro_bringup/prefix_override:/usr/lib/python3/dist-packages/colcon_core/task/python/colcon_distutils_commands:/home/khangiguess/uav/simple-ROS2-framework/install/intro_bringup/lib/python3.12/site-packages:${PYTHONPATH} /usr/bin/python3 -W ignore:setup.py install is deprecated -W ignore:easy_install command is deprecated setup.py develop --editable --build-directory /home/khangiguess/uav/simple-ROS2-framework/build/intro_bringup/build --no-deps symlink_data
[1.235s] INFO:colcon.colcon_core.shell:Creating environment hook '/home/khangiguess/uav/simple-ROS2-framework/build/intro_bringup/share/intro_bringup/hook/pythonpath_develop.sh'
[1.235s] Level 1:colcon.colcon_core.environment:checking '/home/khangiguess/uav/simple-ROS2-framework/install/intro_bringup' for CMake module files
[1.236s] Level 1:colcon.colcon_core.environment:checking '/home/khangiguess/uav/simple-ROS2-framework/install/intro_bringup' for CMake config files
[1.236s] Level 1:colcon.colcon_core.environment:checking '/home/khangiguess/uav/simple-ROS2-framework/install/intro_bringup/lib'
[1.236s] Level 1:colcon.colcon_core.environment:checking '/home/khangiguess/uav/simple-ROS2-framework/install/intro_bringup/bin'
[1.236s] Level 1:colcon.colcon_core.environment:checking '/home/khangiguess/uav/simple-ROS2-framework/install/intro_bringup/lib/pkgconfig/intro_bringup.pc'
[1.236s] Level 1:colcon.colcon_core.environment:checking '/home/khangiguess/uav/simple-ROS2-framework/install/intro_bringup/lib/python3.12/site-packages'
[1.236s] Level 1:colcon.colcon_core.shell:create_environment_hook('intro_bringup', 'pythonpath')
[1.236s] INFO:colcon.colcon_core.shell:Creating environment descriptor '/home/khangiguess/uav/simple-ROS2-framework/install/intro_bringup/share/intro_bringup/hook/pythonpath.dsv'
[1.237s] INFO:colcon.colcon_core.shell:Creating environment hook '/home/khangiguess/uav/simple-ROS2-framework/install/intro_bringup/share/intro_bringup/hook/pythonpath.sh'
[1.237s] Level 1:colcon.colcon_core.environment:checking '/home/khangiguess/uav/simple-ROS2-framework/install/intro_bringup/bin'
[1.237s] Level 1:colcon.colcon_core.environment:create_environment_scripts_only(intro_bringup)
[1.237s] INFO:colcon.colcon_core.shell:Creating package descriptor '/home/khangiguess/uav/simple-ROS2-framework/install/intro_bringup/share/intro_bringup/package.dsv'
[1.238s] INFO:colcon.colcon_core.shell:Creating package script '/home/khangiguess/uav/simple-ROS2-framework/install/intro_bringup/share/intro_bringup/package.sh'
[1.238s] INFO:colcon.colcon_core.shell:Creating package script '/home/khangiguess/uav/simple-ROS2-framework/install/intro_bringup/share/intro_bringup/package.bash'
[1.238s] INFO:colcon.colcon_core.shell:Creating package script '/home/khangiguess/uav/simple-ROS2-framework/install/intro_bringup/share/intro_bringup/package.zsh'
[1.238s] Level 1:colcon.colcon_core.environment:create_file_with_runtime_dependencies(/home/khangiguess/uav/simple-ROS2-framework/install/intro_bringup/share/colcon-core/packages/intro_bringup)
[1.250s] Level 1:colcon.colcon_core.shell:create_environment_hook('intro_teleop_commander', 'pythonpath_develop')
[1.250s] INFO:colcon.colcon_core.shell:Creating environment descriptor '/home/khangiguess/uav/simple-ROS2-framework/build/intro_teleop_commander/share/intro_teleop_commander/hook/pythonpath_develop.dsv'
[1.251s] DEBUG:colcon.colcon_core.event_handler.log_command:Invoked command in '/home/khangiguess/uav/simple-ROS2-framework/build/intro_teleop_commander' returned '0': DEBUGINFOD_URLS=https://debuginfod.ubuntu.com PYTHONPATH=/home/khangiguess/uav/simple-ROS2-framework/build/intro_teleop_commander/prefix_override:/usr/lib/python3/dist-packages/colcon_core/task/python/colcon_distutils_commands:/home/khangiguess/uav/simple-ROS2-framework/install/intro_teleop_commander/lib/python3.12/site-packages:${PYTHONPATH} /usr/bin/python3 -W ignore:setup.py install is deprecated -W ignore:easy_install command is deprecated setup.py develop --editable --build-directory /home/khangiguess/uav/simple-ROS2-framework/build/intro_teleop_commander/build --no-deps symlink_data
[1.251s] INFO:colcon.colcon_core.shell:Creating environment hook '/home/khangiguess/uav/simple-ROS2-framework/build/intro_teleop_commander/share/intro_teleop_commander/hook/pythonpath_develop.sh'
[1.251s] Level 1:colcon.colcon_core.environment:checking '/home/khangiguess/uav/simple-ROS2-framework/install/intro_teleop_commander' for CMake module files
[1.252s] Level 1:colcon.colcon_core.environment:checking '/home/khangiguess/uav/simple-ROS2-framework/install/intro_teleop_commander' for CMake config files
[1.252s] Level 1:colcon.colcon_core.environment:checking '/home/khangiguess/uav/simple-ROS2-framework/install/intro_teleop_commander/lib'
[1.252s] Level 1:colcon.colcon_core.environment:checking '/home/khangiguess/uav/simple-ROS2-framework/install/intro_teleop_commander/bin'
[1.252s] Level 1:colcon.colcon_core.environment:checking '/home/khangiguess/uav/simple-ROS2-framework/install/intro_teleop_commander/lib/pkgconfig/intro_teleop_commander.pc'
[1.252s] Level 1:colcon.colcon_core.environment:checking '/home/khangiguess/uav/simple-ROS2-framework/install/intro_teleop_commander/lib/python3.12/site-packages'
[1.252s] Level 1:colcon.colcon_core.shell:create_environment_hook('intro_teleop_commander', 'pythonpath')
[1.252s] INFO:colcon.colcon_core.shell:Creating environment descriptor '/home/khangiguess/uav/simple-ROS2-framework/install/intro_teleop_commander/share/intro_teleop_commander/hook/pythonpath.dsv'
[1.253s] INFO:colcon.colcon_core.shell:Creating environment hook '/home/khangiguess/uav/simple-ROS2-framework/install/intro_teleop_commander/share/intro_teleop_commander/hook/pythonpath.sh'
[1.253s] Level 1:colcon.colcon_core.environment:checking '/home/khangiguess/uav/simple-ROS2-framework/install/intro_teleop_commander/bin'
[1.253s] Level 1:colcon.colcon_core.environment:create_environment_scripts_only(intro_teleop_commander)
[1.253s] INFO:colcon.colcon_core.shell:Creating package descriptor '/home/khangiguess/uav/simple-ROS2-framework/install/intro_teleop_commander/share/intro_teleop_commander/package.dsv'
[1.253s] INFO:colcon.colcon_core.shell:Creating package script '/home/khangiguess/uav/simple-ROS2-framework/install/intro_teleop_commander/share/intro_teleop_commander/package.sh'
[1.254s] INFO:colcon.colcon_core.shell:Creating package script '/home/khangiguess/uav/simple-ROS2-framework/install/intro_teleop_commander/share/intro_teleop_commander/package.bash'
[1.254s] INFO:colcon.colcon_core.shell:Creating package script '/home/khangiguess/uav/simple-ROS2-framework/install/intro_teleop_commander/share/intro_teleop_commander/package.zsh'
[1.254s] Level 1:colcon.colcon_core.environment:create_file_with_runtime_dependencies(/home/khangiguess/uav/simple-ROS2-framework/install/intro_teleop_commander/share/colcon-core/packages/intro_teleop_commander)
[1.603s] DEBUG:colcon.colcon_core.event_handler.log_command:Invoking command in '/home/khangiguess/uav/simple-ROS2-framework/build/intro_turtle_agent': AMENT_PREFIX_PATH=/home/khangiguess/uav/simple-ROS2-framework/install/intro_interfaces:${AMENT_PREFIX_PATH} CMAKE_PREFIX_PATH=/home/khangiguess/uav/simple-ROS2-framework/install/intro_interfaces:${CMAKE_PREFIX_PATH} DEBUGINFOD_URLS=https://debuginfod.ubuntu.com PYTHONPATH=/home/khangiguess/uav/simple-ROS2-framework/build/intro_turtle_agent/prefix_override:/usr/lib/python3/dist-packages/colcon_core/task/python/colcon_distutils_commands:/home/khangiguess/uav/simple-ROS2-framework/install/intro_turtle_agent/lib/python3.12/site-packages:${PYTHONPATH} /usr/bin/python3 -W ignore:setup.py install is deprecated -W ignore:easy_install command is deprecated setup.py develop --editable --build-directory /home/khangiguess/uav/simple-ROS2-framework/build/intro_turtle_agent/build --no-deps symlink_data
[1.615s] DEBUG:colcon.colcon_core.event_handler.log_command:Invoking command in '/home/khangiguess/uav/simple-ROS2-framework/build/intro_mission_planner': AMENT_PREFIX_PATH=/home/khangiguess/uav/simple-ROS2-framework/install/intro_interfaces:${AMENT_PREFIX_PATH} CMAKE_PREFIX_PATH=/home/khangiguess/uav/simple-ROS2-framework/install/intro_interfaces:${CMAKE_PREFIX_PATH} DEBUGINFOD_URLS=https://debuginfod.ubuntu.com PYTHONPATH=/home/khangiguess/uav/simple-ROS2-framework/build/intro_mission_planner/prefix_override:/usr/lib/python3/dist-packages/colcon_core/task/python/colcon_distutils_commands:/home/khangiguess/uav/simple-ROS2-framework/install/intro_mission_planner/lib/python3.12/site-packages:${PYTHONPATH} /usr/bin/python3 -W ignore:setup.py install is deprecated -W ignore:easy_install command is deprecated setup.py develop --editable --build-directory /home/khangiguess/uav/simple-ROS2-framework/build/intro_mission_planner/build --no-deps symlink_data
[1.991s] Level 1:colcon.colcon_core.shell:create_environment_hook('intro_turtle_agent', 'pythonpath_develop')
[1.992s] INFO:colcon.colcon_core.shell:Creating environment descriptor '/home/khangiguess/uav/simple-ROS2-framework/build/intro_turtle_agent/share/intro_turtle_agent/hook/pythonpath_develop.dsv'
[1.992s] DEBUG:colcon.colcon_core.event_handler.log_command:Invoked command in '/home/khangiguess/uav/simple-ROS2-framework/build/intro_turtle_agent' returned '0': AMENT_PREFIX_PATH=/home/khangiguess/uav/simple-ROS2-framework/install/intro_interfaces:${AMENT_PREFIX_PATH} CMAKE_PREFIX_PATH=/home/khangiguess/uav/simple-ROS2-framework/install/intro_interfaces:${CMAKE_PREFIX_PATH} DEBUGINFOD_URLS=https://debuginfod.ubuntu.com PYTHONPATH=/home/khangiguess/uav/simple-ROS2-framework/build/intro_turtle_agent/prefix_override:/usr/lib/python3/dist-packages/colcon_core/task/python/colcon_distutils_commands:/home/khangiguess/uav/simple-ROS2-framework/install/intro_turtle_agent/lib/python3.12/site-packages:${PYTHONPATH} /usr/bin/python3 -W ignore:setup.py install is deprecated -W ignore:easy_install command is deprecated setup.py develop --editable --build-directory /home/khangiguess/uav/simple-ROS2-framework/build/intro_turtle_agent/build --no-deps symlink_data
[1.992s] INFO:colcon.colcon_core.shell:Creating environment hook '/home/khangiguess/uav/simple-ROS2-framework/build/intro_turtle_agent/share/intro_turtle_agent/hook/pythonpath_develop.sh'
[1.992s] Level 1:colcon.colcon_core.environment:checking '/home/khangiguess/uav/simple-ROS2-framework/install/intro_turtle_agent' for CMake module files
[1.993s] Level 1:colcon.colcon_core.environment:checking '/home/khangiguess/uav/simple-ROS2-framework/install/intro_turtle_agent' for CMake config files
[1.993s] Level 1:colcon.colcon_core.environment:checking '/home/khangiguess/uav/simple-ROS2-framework/install/intro_turtle_agent/lib'
[1.993s] Level 1:colcon.colcon_core.environment:checking '/home/khangiguess/uav/simple-ROS2-framework/install/intro_turtle_agent/bin'
[1.993s] Level 1:colcon.colcon_core.environment:checking '/home/khangiguess/uav/simple-ROS2-framework/install/intro_turtle_agent/lib/pkgconfig/intro_turtle_agent.pc'
[1.993s] Level 1:colcon.colcon_core.environment:checking '/home/khangiguess/uav/simple-ROS2-framework/install/intro_turtle_agent/lib/python3.12/site-packages'
[1.993s] Level 1:colcon.colcon_core.shell:create_environment_hook('intro_turtle_agent', 'pythonpath')
[1.993s] INFO:colcon.colcon_core.shell:Creating environment descriptor '/home/khangiguess/uav/simple-ROS2-framework/install/intro_turtle_agent/share/intro_turtle_agent/hook/pythonpath.dsv'
[1.993s] INFO:colcon.colcon_core.shell:Creating environment hook '/home/khangiguess/uav/simple-ROS2-framework/install/intro_turtle_agent/share/intro_turtle_agent/hook/pythonpath.sh'
[1.994s] Level 1:colcon.colcon_core.environment:checking '/home/khangiguess/uav/simple-ROS2-framework/install/intro_turtle_agent/bin'
[1.994s] Level 1:colcon.colcon_core.environment:create_environment_scripts_only(intro_turtle_agent)
[1.994s] INFO:colcon.colcon_core.shell:Creating package descriptor '/home/khangiguess/uav/simple-ROS2-framework/install/intro_turtle_agent/share/intro_turtle_agent/package.dsv'
[1.994s] INFO:colcon.colcon_core.shell:Creating package script '/home/khangiguess/uav/simple-ROS2-framework/install/intro_turtle_agent/share/intro_turtle_agent/package.sh'
[1.994s] INFO:colcon.colcon_core.shell:Creating package script '/home/khangiguess/uav/simple-ROS2-framework/install/intro_turtle_agent/share/intro_turtle_agent/package.bash'
[1.995s] INFO:colcon.colcon_core.shell:Creating package script '/home/khangiguess/uav/simple-ROS2-framework/install/intro_turtle_agent/share/intro_turtle_agent/package.zsh'
[1.995s] Level 1:colcon.colcon_core.environment:create_file_with_runtime_dependencies(/home/khangiguess/uav/simple-ROS2-framework/install/intro_turtle_agent/share/colcon-core/packages/intro_turtle_agent)
[2.020s] Level 1:colcon.colcon_core.shell:create_environment_hook('intro_mission_planner', 'pythonpath_develop')
[2.020s] INFO:colcon.colcon_core.shell:Creating environment descriptor '/home/khangiguess/uav/simple-ROS2-framework/build/intro_mission_planner/share/intro_mission_planner/hook/pythonpath_develop.dsv'
[2.020s] DEBUG:colcon.colcon_core.event_handler.log_command:Invoked command in '/home/khangiguess/uav/simple-ROS2-framework/build/intro_mission_planner' returned '0': AMENT_PREFIX_PATH=/home/khangiguess/uav/simple-ROS2-framework/install/intro_interfaces:${AMENT_PREFIX_PATH} CMAKE_PREFIX_PATH=/home/khangiguess/uav/simple-ROS2-framework/install/intro_interfaces:${CMAKE_PREFIX_PATH} DEBUGINFOD_URLS=https://debuginfod.ubuntu.com PYTHONPATH=/home/khangiguess/uav/simple-ROS2-framework/build/intro_mission_planner/prefix_override:/usr/lib/python3/dist-packages/colcon_core/task/python/colcon_distutils_commands:/home/khangiguess/uav/simple-ROS2-framework/install/intro_mission_planner/lib/python3.12/site-packages:${PYTHONPATH} /usr/bin/python3 -W ignore:setup.py install is deprecated -W ignore:easy_install command is deprecated setup.py develop --editable --build-directory /home/khangiguess/uav/simple-ROS2-framework/build/intro_mission_planner/build --no-deps symlink_data
[2.020s] INFO:colcon.colcon_core.shell:Creating environment hook '/home/khangiguess/uav/simple-ROS2-framework/build/intro_mission_planner/share/intro_mission_planner/hook/pythonpath_develop.sh'
[2.021s] Level 1:colcon.colcon_core.environment:checking '/home/khangiguess/uav/simple-ROS2-framework/install/intro_mission_planner' for CMake module files
[2.021s] Level 1:colcon.colcon_core.environment:checking '/home/khangiguess/uav/simple-ROS2-framework/install/intro_mission_planner' for CMake config files
[2.021s] Level 1:colcon.colcon_core.environment:checking '/home/khangiguess/uav/simple-ROS2-framework/install/intro_mission_planner/lib'
[2.021s] Level 1:colcon.colcon_core.environment:checking '/home/khangiguess/uav/simple-ROS2-framework/install/intro_mission_planner/bin'
[2.021s] Level 1:colcon.colcon_core.environment:checking '/home/khangiguess/uav/simple-ROS2-framework/install/intro_mission_planner/lib/pkgconfig/intro_mission_planner.pc'
[2.021s] Level 1:colcon.colcon_core.environment:checking '/home/khangiguess/uav/simple-ROS2-framework/install/intro_mission_planner/lib/python3.12/site-packages'
[2.022s] Level 1:colcon.colcon_core.shell:create_environment_hook('intro_mission_planner', 'pythonpath')
[2.022s] INFO:colcon.colcon_core.shell:Creating environment descriptor '/home/khangiguess/uav/simple-ROS2-framework/install/intro_mission_planner/share/intro_mission_planner/hook/pythonpath.dsv'
[2.022s] INFO:colcon.colcon_core.shell:Creating environment hook '/home/khangiguess/uav/simple-ROS2-framework/install/intro_mission_planner/share/intro_mission_planner/hook/pythonpath.sh'
[2.022s] Level 1:colcon.colcon_core.environment:checking '/home/khangiguess/uav/simple-ROS2-framework/install/intro_mission_planner/bin'
[2.022s] Level 1:colcon.colcon_core.environment:create_environment_scripts_only(intro_mission_planner)
[2.022s] INFO:colcon.colcon_core.shell:Creating package descriptor '/home/khangiguess/uav/simple-ROS2-framework/install/intro_mission_planner/share/intro_mission_planner/package.dsv'
[2.023s] INFO:colcon.colcon_core.shell:Creating package script '/home/khangiguess/uav/simple-ROS2-framework/install/intro_mission_planner/share/intro_mission_planner/package.sh'
[2.023s] INFO:colcon.colcon_core.shell:Creating package script '/home/khangiguess/uav/simple-ROS2-framework/install/intro_mission_planner/share/intro_mission_planner/package.bash'
[2.023s] INFO:colcon.colcon_core.shell:Creating package script '/home/khangiguess/uav/simple-ROS2-framework/install/intro_mission_planner/share/intro_mission_planner/package.zsh'
[2.023s] Level 1:colcon.colcon_core.environment:create_file_with_runtime_dependencies(/home/khangiguess/uav/simple-ROS2-framework/install/intro_mission_planner/share/colcon-core/packages/intro_mission_planner)
[2.023s] DEBUG:colcon.colcon_parallel_executor.executor.parallel:closing loop
[2.023s] DEBUG:colcon.colcon_parallel_executor.executor.parallel:loop closed
[2.023s] DEBUG:colcon.colcon_parallel_executor.executor.parallel:run_until_complete finished with '0'
[2.023s] DEBUG:colcon.colcon_core.event_reactor:joining thread
[2.028s] INFO:colcon.colcon_core.plugin_system:Skipping extension 'colcon_notification.desktop_notification.terminal_notifier': Not used on non-Darwin systems
[2.028s] INFO:colcon.colcon_core.plugin_system:Skipping extension 'colcon_notification.desktop_notification.win32': Not used on non-Windows systems
[2.028s] INFO:colcon.colcon_notification.desktop_notification:Sending desktop notification using 'notify2'
[2.040s] DEBUG:colcon.colcon_core.event_reactor:joined thread
[2.040s] INFO:colcon.colcon_core.shell:Creating prefix script '/home/khangiguess/uav/simple-ROS2-framework/install/local_setup.sh'
[2.040s] INFO:colcon.colcon_core.shell:Creating prefix util module '/home/khangiguess/uav/simple-ROS2-framework/install/_local_setup_util_sh.py'
[2.041s] INFO:colcon.colcon_core.shell:Creating prefix chain script '/home/khangiguess/uav/simple-ROS2-framework/install/setup.sh'
[2.042s] INFO:colcon.colcon_core.shell:Creating prefix script '/home/khangiguess/uav/simple-ROS2-framework/install/local_setup.bash'
[2.042s] INFO:colcon.colcon_core.shell:Creating prefix chain script '/home/khangiguess/uav/simple-ROS2-framework/install/setup.bash'
[2.043s] INFO:colcon.colcon_core.shell:Creating prefix script '/home/khangiguess/uav/simple-ROS2-framework/install/local_setup.zsh'
[2.043s] INFO:colcon.colcon_core.shell:Creating prefix chain script '/home/khangiguess/uav/simple-ROS2-framework/install/setup.zsh'
