[0.693s] Invoking command in '/home/khangiguess/uav/simple-ROS2-framework/build/intro_mission_planner': AMENT_PREFIX_PATH=/home/khangiguess/uav/simple-ROS2-framework/install/intro_interfaces:${AMENT_PREFIX_PATH} CMAKE_PREFIX_PATH=/home/khangiguess/uav/simple-ROS2-framework/install/intro_interfaces:${CMAKE_PREFIX_PATH} DEBUGINFOD_URLS=https://debuginfod.ubuntu.com PYTHONPATH=/home/khangiguess/uav/simple-ROS2-framework/build/intro_mission_planner/prefix_override:/usr/lib/python3/dist-packages/colcon_core/task/python/colcon_distutils_commands:/home/khangiguess/uav/simple-ROS2-framework/install/intro_mission_planner/lib/python3.12/site-packages:${PYTHONPATH} /usr/bin/python3 -W ignore:setup.py install is deprecated -W ignore:easy_install command is deprecated setup.py develop --editable --build-directory /home/khangiguess/uav/simple-ROS2-framework/build/intro_mission_planner/build --no-deps symlink_data
[0.908s] running develop
[1.027s] running egg_info
[1.028s] creating intro_mission_planner.egg-info
[1.039s] writing intro_mission_planner.egg-info/PKG-INFO
[1.039s] writing dependency_links to intro_mission_planner.egg-info/dependency_links.txt
[1.039s] writing requirements to intro_mission_planner.egg-info/requires.txt
[1.039s] writing top-level names to intro_mission_planner.egg-info/top_level.txt
[1.039s] writing manifest file 'intro_mission_planner.egg-info/SOURCES.txt'
[1.062s] reading manifest file 'intro_mission_planner.egg-info/SOURCES.txt'
[1.062s] writing manifest file 'intro_mission_planner.egg-info/SOURCES.txt'
[1.075s] running build_ext
[1.075s] Creating /home/khangiguess/uav/simple-ROS2-framework/install/intro_mission_planner/lib/python3.12/site-packages/intro-mission-planner.egg-link (link to .)
[1.075s] 
[1.076s] Installed /home/khangiguess/uav/simple-ROS2-framework/build/intro_mission_planner
[1.076s] running symlink_data
[1.076s] creating /home/khangiguess/uav/simple-ROS2-framework/install/intro_mission_planner/share/ament_index
[1.076s] creating /home/khangiguess/uav/simple-ROS2-framework/install/intro_mission_planner/share/ament_index/resource_index
[1.076s] creating /home/khangiguess/uav/simple-ROS2-framework/install/intro_mission_planner/share/ament_index/resource_index/packages
[1.076s] symbolically linking /home/khangiguess/uav/simple-ROS2-framework/build/intro_mission_planner/resource/intro_mission_planner -> /home/khangiguess/uav/simple-ROS2-framework/install/intro_mission_planner/share/ament_index/resource_index/packages
[1.076s] symbolically linking /home/khangiguess/uav/simple-ROS2-framework/build/intro_mission_planner/package.xml -> /home/khangiguess/uav/simple-ROS2-framework/install/intro_mission_planner/share/intro_mission_planner
[1.098s] Invoked command in '/home/khangiguess/uav/simple-ROS2-framework/build/intro_mission_planner' returned '0': AMENT_PREFIX_PATH=/home/khangiguess/uav/simple-ROS2-framework/install/intro_interfaces:${AMENT_PREFIX_PATH} CMAKE_PREFIX_PATH=/home/khangiguess/uav/simple-ROS2-framework/install/intro_interfaces:${CMAKE_PREFIX_PATH} DEBUGINFOD_URLS=https://debuginfod.ubuntu.com PYTHONPATH=/home/khangiguess/uav/simple-ROS2-framework/build/intro_mission_planner/prefix_override:/usr/lib/python3/dist-packages/colcon_core/task/python/colcon_distutils_commands:/home/khangiguess/uav/simple-ROS2-framework/install/intro_mission_planner/lib/python3.12/site-packages:${PYTHONPATH} /usr/bin/python3 -W ignore:setup.py install is deprecated -W ignore:easy_install command is deprecated setup.py develop --editable --build-directory /home/khangiguess/uav/simple-ROS2-framework/build/intro_mission_planner/build --no-deps symlink_data
