[0.673s] Invoking command in '/home/khangiguess/uav/simple-ROS2-framework/build/intro_bringup': DEBUGINFOD_URLS=https://debuginfod.ubuntu.com PYTHONPATH=/home/khangiguess/uav/simple-ROS2-framework/build/intro_bringup/prefix_override:/usr/lib/python3/dist-packages/colcon_core/task/python/colcon_distutils_commands:/home/khangiguess/uav/simple-ROS2-framework/install/intro_bringup/lib/python3.12/site-packages:${PYTHONPATH} /usr/bin/python3 -W ignore:setup.py install is deprecated -W ignore:easy_install command is deprecated setup.py develop --editable --build-directory /home/khangiguess/uav/simple-ROS2-framework/build/intro_bringup/build --no-deps symlink_data
[0.883s] running develop
[1.003s] running egg_info
[1.003s] creating intro_bringup.egg-info
[1.014s] writing intro_bringup.egg-info/PKG-INFO
[1.014s] writing dependency_links to intro_bringup.egg-info/dependency_links.txt
[1.014s] writing requirements to intro_bringup.egg-info/requires.txt
[1.014s] writing top-level names to intro_bringup.egg-info/top_level.txt
[1.014s] writing manifest file 'intro_bringup.egg-info/SOURCES.txt'
[1.037s] reading manifest file 'intro_bringup.egg-info/SOURCES.txt'
[1.037s] writing manifest file 'intro_bringup.egg-info/SOURCES.txt'
[1.049s] running build_ext
[1.049s] Creating /home/khangiguess/uav/simple-ROS2-framework/install/intro_bringup/lib/python3.12/site-packages/intro-bringup.egg-link (link to .)
[1.050s] 
[1.050s] Installed /home/khangiguess/uav/simple-ROS2-framework/build/intro_bringup
[1.050s] running symlink_data
[1.050s] creating /home/khangiguess/uav/simple-ROS2-framework/install/intro_bringup/share/ament_index
[1.050s] creating /home/khangiguess/uav/simple-ROS2-framework/install/intro_bringup/share/ament_index/resource_index
[1.050s] creating /home/khangiguess/uav/simple-ROS2-framework/install/intro_bringup/share/ament_index/resource_index/packages
[1.050s] symbolically linking /home/khangiguess/uav/simple-ROS2-framework/build/intro_bringup/resource/intro_bringup -> /home/khangiguess/uav/simple-ROS2-framework/install/intro_bringup/share/ament_index/resource_index/packages
[1.050s] symbolically linking /home/khangiguess/uav/simple-ROS2-framework/build/intro_bringup/package.xml -> /home/khangiguess/uav/simple-ROS2-framework/install/intro_bringup/share/intro_bringup
[1.096s] Invoked command in '/home/khangiguess/uav/simple-ROS2-framework/build/intro_bringup' returned '0': DEBUGINFOD_URLS=https://debuginfod.ubuntu.com PYTHONPATH=/home/khangiguess/uav/simple-ROS2-framework/build/intro_bringup/prefix_override:/usr/lib/python3/dist-packages/colcon_core/task/python/colcon_distutils_commands:/home/khangiguess/uav/simple-ROS2-framework/install/intro_bringup/lib/python3.12/site-packages:${PYTHONPATH} /usr/bin/python3 -W ignore:setup.py install is deprecated -W ignore:easy_install command is deprecated setup.py develop --editable --build-directory /home/khangiguess/uav/simple-ROS2-framework/build/intro_bringup/build --no-deps symlink_data
